{"C:\\Users\\TS\\Desktop\\Обучение Толик\\ajs-homeworks\\ajs-task-4.1-by-kiraradi\\src\\checkHealth.js": {"path":"C:\\Users\\TS\\Desktop\\Обучение Толик\\ajs-homeworks\\ajs-task-4.1-by-kiraradi\\src\\checkHealth.js","statementMap":{"0":{"start":{"line":3,"column":4},"end":{"line":5,"column":5}},"1":{"start":{"line":4,"column":6},"end":{"line":4,"column":23}},"2":{"start":{"line":5,"column":6},"end":{"line":7,"column":5}},"3":{"start":{"line":6,"column":6},"end":{"line":6,"column":23}},"4":{"start":{"line":8,"column":4},"end":{"line":8,"column":22}}},"fnMap":{"0":{"name":"checkHealth","decl":{"start":{"line":2,"column":26},"end":{"line":2,"column":37}},"loc":{"start":{"line":2,"column":44},"end":{"line":9,"column":3}},"line":2}},"branchMap":{"0":{"loc":{"start":{"line":3,"column":4},"end":{"line":5,"column":5}},"type":"if","locations":[{"start":{"line":3,"column":4},"end":{"line":5,"column":5}},{"start":{},"end":{}}],"line":3},"1":{"loc":{"start":{"line":5,"column":6},"end":{"line":7,"column":5}},"type":"if","locations":[{"start":{"line":5,"column":6},"end":{"line":7,"column":5}},{"start":{},"end":{}}],"line":5},"2":{"loc":{"start":{"line":5,"column":10},"end":{"line":5,"column":47}},"type":"binary-expr","locations":[{"start":{"line":5,"column":10},"end":{"line":5,"column":26}},{"start":{"line":5,"column":30},"end":{"line":5,"column":47}}],"line":5}},"s":{"0":3,"1":1,"2":2,"3":1,"4":1},"f":{"0":3},"b":{"0":[1,2],"1":[1,1],"2":[2,2]},"_coverageSchema":"1a1c01bbd47fc00a2c39e90264f33305004495a9","hash":"d675c85d9161527558862dbbc4cb696757c4da96"}
}
